[35m[Appium][39m Welcome to Appium v1.12.1
[35m[Appium][39m Non-default server args:
[35m[Appium][39m   port: 57866
[35m[Appium][39m   loglevel: info
[35m[Appium][39m   chromeDriverPort: 57879
[35m[Appium][39m   tmpDir: C:\Users\15421\AppData\Local\Temp\\Katalon\Appium\Temp1568005907461
[35m[Appium][39m Appium REST http interface listener started on 0.0.0.0:57866
[35m[HTTP][39m [37m-->[39m [37mGET[39m [37m/wd/hub/status[39m
[35m[HTTP][39m [90m{}[39m
[35m[HTTP][39m [37m<-- GET /wd/hub/status [39m[32m200[39m [90m9 ms - 68[39m
[35m[HTTP][39m [90m[39m
[35m[HTTP][39m [37m-->[39m [37mGET[39m [37m/wd/hub/status[39m
[35m[HTTP][39m [90m{}[39m
[35m[HTTP][39m [37m<-- GET /wd/hub/status [39m[32m200[39m [90m2 ms - 68[39m
[35m[HTTP][39m [90m[39m
[35m[HTTP][39m [37m-->[39m [37mPOST[39m [37m/wd/hub/session[39m
[35m[HTTP][39m [90m{"desiredCapabilities":{"app":"C:\\Users\\15421\\git\\ACCMe-Mobile\\AccMe.apk","noReset":true,"deviceId":"","deviceName":"emulator-5554 (Android SDK built for x86 - Android 9)","fullReset":false,"platform":"ANDROID","newCommandTimeout":1800,"platformVersion":"9","automationName":"uiautomator2","autoGrantPermissions":true,"unicodeKeyboard":true,"platformName":"Android","udid":"emulator-5554","resetKeyboard":true,"systemPort":57921},"capabilities":{"firstMatch":[{"appium:app":"C:\\Users\\15421\\git\\ACCMe-Mobile\\AccMe.apk","appium:autoGrantPermissions":true,"appium:automationName":"uiautomator2","deviceId":"","appium:deviceName":"emulator-5554 (Android SDK built for x86 - Android 9)","appium:fullReset":false,"appium:newCommandTimeout":1800,"appium:noReset":true,"platform":"ANDROID","platformName":"android","appium:platformVersion":"9","appium:resetKeyboard":true,"appium:systemPort":57921,"appium:udid":"emulator-5554","appium:unicodeKeyboard":true}]}}[39m
[35m[BaseDriver][39m The capabilities ["deviceId","platform"] are not standard capabilities and should have an extension prefix
[35m[Appium][39m Appium v1.12.1 creating new AndroidUiautomator2Driver (v1.33.0) session
[35m[Appium][39m Capabilities:
[35m[Appium][39m   deviceId: 
[35m[Appium][39m   platform: ANDROID
[35m[Appium][39m   platformName: android
[35m[Appium][39m   app: C:\Users\15421\git\ACCMe-Mobile\AccMe.apk
[35m[Appium][39m   autoGrantPermissions: true
[35m[Appium][39m   automationName: uiautomator2
[35m[Appium][39m   deviceName: emulator-5554 (Android SDK built for x86 - Android 9)
[35m[Appium][39m   fullReset: false
[35m[Appium][39m   newCommandTimeout: 1800
[35m[Appium][39m   noReset: true
[35m[Appium][39m   platformVersion: 9
[35m[Appium][39m   resetKeyboard: true
[35m[Appium][39m   systemPort: 57921
[35m[Appium][39m   udid: emulator-5554
[35m[Appium][39m   unicodeKeyboard: true
[35m[BaseDriver][39m The following capabilities were provided, but are not recognized by appium: deviceId, platform.
[35m[BaseDriver][39m Session created with session id: 74fa1cf1-f2df-4c2e-8d46-c591e965c3cc
[35m[BaseDriver][39m Using local app 'C:\Users\15421\git\ACCMe-Mobile\AccMe.apk'
[35m[ADB][39m Checking whether adb is present
[35m[ADB][39m Found 1 'build-tools' folders under 'C:\Users\15421\.katalon\tools\android_sdk' (newest first):
[35m[ADB][39m     C:/Users/15421/.katalon/tools/android_sdk/build-tools/29.0.2
[35m[ADB][39m Using adb.exe from C:\Users\15421\.katalon\tools\android_sdk\platform-tools\adb.exe
[35m[AndroidDriver][39m Retrieving device list
[35m[AndroidDriver][39m Using device: emulator-5554
[35m[UiAutomator2][39m Relaxing hidden api policy
[35m[ADB][39m Using the alternative activity name detection method because of: Could not find apkanalyzer.bat in C:\Users\15421\.katalon\tools\android_sdk\platform-tools\apkanalyzer.bat,C:\Users\15421\.katalon\tools\android_sdk\emulator\apkanalyzer.bat,C:\Users\15421\.katalon\tools\android_sdk\tools\apkanalyzer.bat,C:\Users\15421\.katalon\tools\android_sdk\tools\bin\apkanalyzer.bat,C:\Users\15421\.katalon\tools\android_sdk\build-tools\29.0.2\apkanalyzer.bat. Do you have the Android SDK installed at 'C:\Users\15421\.katalon\tools\android_sdk'?
[35m[ADB][39m Checking whether aapt is present
[35m[ADB][39m Using aapt.exe from C:\Users\15421\.katalon\tools\android_sdk\build-tools\29.0.2\aapt.exe
[35m[ADB][39m Extracting package and launch activity from manifest
[35m[ADB][39m Package name: 'com.outsystemsenterprise.accdev1.AccMeMobile2'
[35m[ADB][39m Main activity name: 'com.outsystemsenterprise.accdev1.AccMeMobile2.MainActivity'
[35m[ADB][39m Using apksigner.bat from C:\Users\15421\.katalon\tools\android_sdk\build-tools\29.0.2\apksigner.bat
[35m[UiAutomator2][39m Server packages are not going to be (re)installed
[35m[UiAutomator2][39m Starting UIAutomator2 server 3.4.0
[35m[UiAutomator2][39m Using UIAutomator2 server from 'C:\Users\15421\AppData\Roaming\npm\node_modules\appium\node_modules\appium-uiautomator2-server\apks\appium-uiautomator2-server-v3.4.0.apk' and test from 'C:\Users\15421\AppData\Roaming\npm\node_modules\appium\node_modules\appium-uiautomator2-server\apks\appium-uiautomator2-server-debug-androidTest.apk'
[35m[UiAutomator2][39m Waiting up to 30000ms for UiAutomator2 to be online...
[35m[WD Proxy][39m Got an unexpected response: {"code":"ECONNRESET"}
[35m[WD Proxy][39m Got an unexpected response: {"code":"ECONNRESET"}
[35m[WD Proxy][39m Got an unexpected response: {"code":"ECONNRESET"}
[35m[WD Proxy][39m Got an unexpected response: {"code":"ECONNRESET"}
[35m[AndroidDriver][39m Screen already unlocked, doing nothing
[35m[UiAutomator2][39m UiAutomator2 did not start the activity we were waiting for, 'com.outsystemsenterprise.accdev1.AccMeMobile2/com.outsystemsenterprise.accdev1.AccMeMobile2.MainActivity'. Starting it ourselves
[35m[Appium][39m New AndroidUiautomator2Driver session created successfully, session 74fa1cf1-f2df-4c2e-8d46-c591e965c3cc added to master session list
[35m[HTTP][39m [37m<-- POST /wd/hub/session [39m[32m200[39m [90m42728 ms - 1381[39m
[35m[HTTP][39m [90m[39m
[35m[HTTP][39m [37m-->[39m [37mGET[39m [37m/wd/hub/session/74fa1cf1-f2df-4c2e-8d46-c591e965c3cc[39m
[35m[HTTP][39m [90m{}[39m
[35m[HTTP][39m [37m<-- GET /wd/hub/session/74fa1cf1-f2df-4c2e-8d46-c591e965c3cc [39m[32m200[39m [90m80 ms - 1313[39m
[35m[HTTP][39m [90m[39m
[35m[HTTP][39m [37m-->[39m [37mGET[39m [37m/wd/hub/session/74fa1cf1-f2df-4c2e-8d46-c591e965c3cc[39m
[35m[HTTP][39m [90m{}[39m
[35m[HTTP][39m [37m<-- GET /wd/hub/session/74fa1cf1-f2df-4c2e-8d46-c591e965c3cc [39m[32m200[39m [90m79 ms - 1313[39m
[35m[HTTP][39m [90m[39m
[35m[HTTP][39m [37m-->[39m [37mGET[39m [37m/wd/hub/status[39m
[35m[HTTP][39m [90m{}[39m
[35m[HTTP][39m [37m<-- GET /wd/hub/status [39m[32m200[39m [90m2 ms - 68[39m
[35m[HTTP][39m [90m[39m
[35m[HTTP][39m [37m-->[39m [37mPOST[39m [37m/wd/hub/session/74fa1cf1-f2df-4c2e-8d46-c591e965c3cc/timeouts[39m
[35m[HTTP][39m [90m{"implicit":60000}[39m
[35m[HTTP][39m [37m<-- POST /wd/hub/session/74fa1cf1-f2df-4c2e-8d46-c591e965c3cc/timeouts [39m[32m200[39m [90m6 ms - 14[39m
[35m[HTTP][39m [90m[39m
[35m[HTTP][39m [37m-->[39m [37mGET[39m [37m/wd/hub/session/74fa1cf1-f2df-4c2e-8d46-c591e965c3cc/source[39m
[35m[HTTP][39m [90m{}[39m
[35m[W3C (74fa1cf1)][39m Driver proxy active, passing request on via HTTP proxy
[35m[WD Proxy][39m Replacing sessionId f246ccda-e2ae-413a-b12e-a76a4171e21d with 74fa1cf1-f2df-4c2e-8d46-c591e965c3cc
[35m[HTTP][39m [37m<-- GET /wd/hub/session/74fa1cf1-f2df-4c2e-8d46-c591e965c3cc/source [39m[32m200[39m [90m410 ms - 1543[39m
[35m[HTTP][39m [90m[39m
[35m[HTTP][39m [37m-->[39m [37mGET[39m [37m/wd/hub/session/74fa1cf1-f2df-4c2e-8d46-c591e965c3cc/screenshot[39m
[35m[HTTP][39m [90m{}[39m
[35m[HTTP][39m [37m<-- GET /wd/hub/session/74fa1cf1-f2df-4c2e-8d46-c591e965c3cc/screenshot [39m[32m200[39m [90m1106 ms - 30318[39m
[35m[HTTP][39m [90m[39m
[35m[HTTP][39m [37m-->[39m [37mGET[39m [37m/wd/hub/session/74fa1cf1-f2df-4c2e-8d46-c591e965c3cc/source[39m
[35m[HTTP][39m [90m{}[39m
[35m[W3C (74fa1cf1)][39m Driver proxy active, passing request on via HTTP proxy
[35m[WD Proxy][39m Replacing sessionId f246ccda-e2ae-413a-b12e-a76a4171e21d with 74fa1cf1-f2df-4c2e-8d46-c591e965c3cc
[35m[HTTP][39m [37m<-- GET /wd/hub/session/74fa1cf1-f2df-4c2e-8d46-c591e965c3cc/source [39m[32m200[39m [90m242 ms - 1973[39m
[35m[HTTP][39m [90m[39m
[35m[HTTP][39m [37m-->[39m [37mGET[39m [37m/wd/hub/session/74fa1cf1-f2df-4c2e-8d46-c591e965c3cc/screenshot[39m
[35m[HTTP][39m [90m{}[39m
[35m[HTTP][39m [37m<-- GET /wd/hub/session/74fa1cf1-f2df-4c2e-8d46-c591e965c3cc/screenshot [39m[32m200[39m [90m2751 ms - 1350554[39m
[35m[HTTP][39m [90m[39m
[35m[HTTP][39m [37m-->[39m [37mGET[39m [37m/wd/hub/session/74fa1cf1-f2df-4c2e-8d46-c591e965c3cc/source[39m
[35m[HTTP][39m [90m{}[39m
[35m[W3C (74fa1cf1)][39m Driver proxy active, passing request on via HTTP proxy
[35m[WD Proxy][39m Replacing sessionId f246ccda-e2ae-413a-b12e-a76a4171e21d with 74fa1cf1-f2df-4c2e-8d46-c591e965c3cc
[35m[HTTP][39m [37m<-- GET /wd/hub/session/74fa1cf1-f2df-4c2e-8d46-c591e965c3cc/source [39m[32m200[39m [90m4162 ms - 77572[39m
[35m[HTTP][39m [90m[39m
[35m[HTTP][39m [37m-->[39m [37mGET[39m [37m/wd/hub/session/74fa1cf1-f2df-4c2e-8d46-c591e965c3cc/screenshot[39m
[35m[HTTP][39m [90m{}[39m
[35m[HTTP][39m [37m<-- GET /wd/hub/session/74fa1cf1-f2df-4c2e-8d46-c591e965c3cc/screenshot [39m[32m200[39m [90m1503 ms - 158296[39m
[35m[HTTP][39m [90m[39m
[35m[HTTP][39m [37m-->[39m [37mDELETE[39m [37m/wd/hub/session/74fa1cf1-f2df-4c2e-8d46-c591e965c3cc[39m
[35m[HTTP][39m [90m{}[39m
[35m[Appium][39m Removing session 74fa1cf1-f2df-4c2e-8d46-c591e965c3cc from our master session list
[35m[WD Proxy][39m Got an unexpected response: {"code":"ECONNRESET"}
[35m[UiAutomator2][39m Did not get confirmation UiAutomator2 deleteSession worked; Error was: UnknownError: An unknown server-side error occurred while processing the command. Original error: Could not proxy command to remote server. Original error: Error: socket hang up
[35m[HTTP][39m [37m-->[39m [37mDELETE[39m [37m/wd/hub/session/74fa1cf1-f2df-4c2e-8d46-c591e965c3cc[39m
[35m[HTTP][39m [90m{}[39m
[35m[HTTP][39m [37m<-- DELETE /wd/hub/session/74fa1cf1-f2df-4c2e-8d46-c591e965c3cc [39m[33m404[39m [90m232 ms - 3205[39m
[35m[HTTP][39m [90m[39m
[35m[UiAutomator2][39m Restoring hidden api policy to the device default configuration
[35m[HTTP][39m [37m<-- DELETE /wd/hub/session/74fa1cf1-f2df-4c2e-8d46-c591e965c3cc [39m[32m200[39m [90m2556 ms - 14[39m
[35m[HTTP][39m [90m[39m
